<?xml version="1.0" encoding="UTF-8"?>
<testsuite xmlns:xsi="http://www.w3.org/2001/XMLSchema-instance" xsi:noNamespaceSchemaLocation="https://maven.apache.org/surefire/maven-surefire-plugin/xsd/surefire-test-report-3.0.xsd" version="3.0" name="com.curso.diccionarios.ficheros.UtilidadesTest" time="0.074" tests="4" errors="0" skipped="0" failures="0">
  <properties>
[...]
</properties>
  <testcase name="distanciaDeLevenshtein" classname="com.curso.diccionarios.ficheros.UtilidadesTest" time="0.027"/>
  <testcase name="normalizar" classname="com.curso.diccionarios.ficheros.UtilidadesTest" time="0.003"/>
  <testcase name="leerFicheroDeIdioma" classname="com.curso.diccionarios.ficheros.UtilidadesTest" time="0.015"/>
  <testcase name="existeFicheroDeIdioma" classname="com.curso.diccionarios.ficheros.UtilidadesTest" time="0.001"/>
</testsuite>